make: Warning: File 'Makefile' has modification time 14220 s in the future
Cloning into 'dotfiles'...
find: ‘/scratch/ibp5092/manMetaVAR/.setup/cpp’: No such file or directory
find: ‘/scratch/ibp5092/manMetaVAR/src’: No such file or directory
✔ Setting active project to "/scratch/ibp5092/manMetaVAR".
✔ Saving "model" to "R/sysdata.rda".
ℹ Updating manMetaVAR documentation
First time using roxygen2. Upgrading automatically...
Setting `RoxygenNote` to "7.3.2"
ℹ Loading manMetaVAR
Loading required package: OpenMx
To take full advantage of multiple cores, use:
  mxOption(key='Number of Threads', value=parallel::detectCores()) #now
  Sys.setenv(OMP_NUM_THREADS=parallel::detectCores()) #before library(OpenMx)
Loading required package: fitDTVARMx
Loading required package: metaVAR
✖ In topic 'Template.Rd': Skipping; no name and/or title.
Writing 'NAMESPACE'
Writing 'Compress.Rd'
Writing 'FitDTVAR.Rd'
Writing 'FitJAGS.Rd'
Writing 'FitMetaVAR.Rd'
Writing 'FitMLVAR.Rd'
Writing 'GenData.Rd'
Writing 'manMetaVAR-package.Rd'
Writing 'params.Rd'
Writing 'SimFitDTVAR.Rd'
Writing 'SimFitJAGS.Rd'
Writing 'SimFitMetaVAR.Rd'
Writing 'SimFitMLVAR.Rd'
Writing 'SimFN.Rd'
Writing 'SimGenData.Rd'
Writing 'SimProj.Rd'
Writing 'Sim.Rd'
ℹ Updating manMetaVAR documentation
ℹ Loading manMetaVAR
✖ In topic 'Template.Rd': Skipping; no name and/or title.
✔ Setting active project to "/scratch/ibp5092/manMetaVAR".
✔ Saving "model" to "R/sysdata.rda".


processing file: /scratch/ibp5092/manMetaVAR/vignettes/replication.Rmd.orig
Error in `eigen()`:
! infinite or missing values in 'x'
Backtrace:
    ▆
 1. └─manMetaVAR::FitMetaVAR(dtvar)
 2.   └─metaVAR::MetaVARMx(...)
 3.     └─metaVAR::Meta(...)
 4.       └─metaVAR:::.MetaGeneric(...)
 5.         └─metaVAR:::.CheckEstimates(...)
 6.           └─base::lapply(X = v, FUN = foo)
 7.             └─metaVAR (local) FUN(X[[i]], ...)
 8.               └─base::eigen(x = x, symmetric = TRUE, only.values = TRUE)

Quitting from /scratch/ibp5092/manMetaVAR/vignettes/replication.Rmd.orig:68-72 [unnamed-chunk-9]
Execution halted
make: *** [Makefile:75: vignettes] Error 1
cp: cannot stat '/scratch/ibp5092/manMetaVAR/vignettes/*.png': No such file or directory
make: Warning: File 'Makefile' has modification time 3710 s in the future
Cloning into 'dotfiles'...
find: ‘/scratch/ibp5092/manMetaVAR/.setup/cpp’: No such file or directory
find: ‘/scratch/ibp5092/manMetaVAR/src’: No such file or directory
✔ Setting active project to "/scratch/ibp5092/manMetaVAR".
✔ Saving "model" to "R/sysdata.rda".
ℹ Updating manMetaVAR documentation
ℹ Loading manMetaVAR
Loading required package: OpenMx
To take full advantage of multiple cores, use:
  mxOption(key='Number of Threads', value=parallel::detectCores()) #now
  Sys.setenv(OMP_NUM_THREADS=parallel::detectCores()) #before library(OpenMx)
Loading required package: fitDTVARMx
Loading required package: metaVAR
✖ In topic 'Template.Rd': Skipping; no name and/or title.
ℹ Updating manMetaVAR documentation
ℹ Loading manMetaVAR
✖ In topic 'Template.Rd': Skipping; no name and/or title.
✔ Setting active project to "/scratch/ibp5092/manMetaVAR".
✔ Saving "model" to "R/sysdata.rda".


processing file: /scratch/ibp5092/manMetaVAR/vignettes/session.Rmd.orig
output file: /scratch/ibp5092/manMetaVAR/vignettes/session.Rmd

ℹ Updating manMetaVAR documentation
ℹ Loading manMetaVAR
Loading required package: OpenMx
To take full advantage of multiple cores, use:
  mxOption(key='Number of Threads', value=parallel::detectCores()) #now
  Sys.setenv(OMP_NUM_THREADS=parallel::detectCores()) #before library(OpenMx)
Loading required package: fitDTVARMx
Loading required package: metaVAR
✖ In topic 'Template.Rd': Skipping; no name and/or title.
ℹ Updating manMetaVAR documentation
ℹ Loading manMetaVAR
✖ In topic 'Template.Rd': Skipping; no name and/or title.


processing file: README.Rmd
output file: README.knit.md


Preview created: /scratch/ibp5092/manMetaVAR/README.html

Output created: README.md
Converting parsed Rd's to LaTeX .
Warning in texi2dvi(file = file, pdf = TRUE, clean = clean, quiet = quiet,  :
  texi2dvi script/program not available, using emulation
This is makeindex, version 2.17 [TeX Live 2025] (kpathsea + Thai support).
Scanning input file Rd2.idx....done (71 entries accepted, 0 rejected).
Sorting entries....done (442 comparisons).
Generating output file Rd2.ind....done (106 lines written, 0 warnings).
Output written in Rd2.ind.
Transcript written in Rd2.ilg.
This is makeindex, version 2.17 [TeX Live 2025] (kpathsea + Thai support).
Scanning input file Rd2.idx....done (71 entries accepted, 0 rejected).
Sorting entries....done (442 comparisons).
Generating output file Rd2.ind....done (106 lines written, 1 warning).
Output written in Rd2.ind.
Transcript written in Rd2.ilg.
sh: 1: /usr/bin/xdg-open: not found
Warning in system(paste(preview, output)) : error in running command
✔ 'CITATION.cff' generated
✔ Congratulations! 'CITATION.cff' is valid


processing file: /scratch/ibp5092/manMetaVAR/.setup/latex/manMetaVAR-001-description.Rtex
output file: /scratch/ibp5092/manMetaVAR/detritus/tex/manMetaVAR-001-description.tex



processing file: /scratch/ibp5092/manMetaVAR/.setup/latex/manMetaVAR-manuscript.Rtex
output file: /scratch/ibp5092/manMetaVAR/detritus/tex/manMetaVAR-manuscript.tex



processing file: /scratch/ibp5092/manMetaVAR/.setup/latex/manMetaVAR-presentation.Rtex
output file: /scratch/ibp5092/manMetaVAR/detritus/tex/manMetaVAR-presentation.tex

Use of uninitialized value in concatenation (.) or string at (eval 9) line 1.
Latexmk: Using bibtex to make bibliography file(s).
Latexmk: Missing input file 'TS1xcmss.fd' message in .log file:
  No file TS1xcmss.fd.
Latexmk: Missing input file 'TS1cmsmf.fd' message in .log file:
  No file TS1cmsmf.fd.
Latexmk: Using bibtex to make bibliography file(s).
Latexmk: Using bibtex to make bibliography file(s).
Latexmk: Missing input file 'TS1xcmss.fd' message in .log file:
  No file TS1xcmss.fd.
Latexmk: Missing input file 'TS1cmsmf.fd' message in .log file:
  No file TS1cmsmf.fd.
Latexmk: Using bibtex to make bibliography file(s).
Latexmk: Using bibtex to make bibliography file(s).
Latexmk: Using bibtex to make bibliography file(s).
Latexmk: Using bibtex to make bibliography file(s).
Latexmk: Missing bbl file '.setup/latex/pdf/manMetaVAR-001-description.bbl' in following:
 No file manMetaVAR-001-description.bbl.
Latexmk: Using biber to make bibliography file(s).
Latexmk: Using biber to make bibliography file(s).
Latexmk: Using biber to make bibliography file(s).
Latexmk: Using biber to make bibliography file(s).
Latexmk: Missing bbl file '.setup/latex/pdf/manMetaVAR-manuscript.bbl' in following:
 No file manMetaVAR-manuscript.bbl.
Latexmk: Using biber to make bibliography file(s).
Latexmk: Using biber to make bibliography file(s).
Latexmk: Using biber to make bibliography file(s).
Latexmk: Using biber to make bibliography file(s).
Latexmk: Missing bbl file '.setup/latex/pdf/manMetaVAR-presentation.bbl' in following:
 No file manMetaVAR-presentation.bbl.
Latexmk: Missing input file 'manMetaVAR-presentation.nav' message in .log file:
  No file manMetaVAR-presentation.nav.
Latexmk: Missing input file '.setup/latex/figures/png/profile-pesigan.png' message in .log file:
  LaTeX Warning: File `.setup/latex/figures/png/profile-pesigan.png' not found on input line 124.
Latexmk: Missing input file '.setup/latex/figures/png/profile-russell.png' message in .log file:
  LaTeX Warning: File `.setup/latex/figures/png/profile-russell.png' not found on input line 124.
Latexmk: Missing input file '.setup/latex/figures/png/profile-chow.png' message in .log file:
  LaTeX Warning: File `.setup/latex/figures/png/profile-chow.png' not found on input line 124.
Latexmk: Missing input file '.setup/latex/figures/png/profile-pesigan.png' message in .log file:
  LaTeX Warning: File `.setup/latex/figures/png/profile-pesigan.png' not found on input line 285.
Latexmk: Missing input file '.setup/latex/figures/png/profile-russell.png' message in .log file:
  LaTeX Warning: File `.setup/latex/figures/png/profile-russell.png' not found on input line 285.
Latexmk: Missing input file '.setup/latex/figures/png/profile-chow.png' message in .log file:
  LaTeX Warning: File `.setup/latex/figures/png/profile-chow.png' not found on input line 285.
Latexmk: Using biber to make bibliography file(s).
Latexmk: Missing input file '.setup/latex/figures/png/profile-pesigan.png' message in .log file:
  LaTeX Warning: File `.setup/latex/figures/png/profile-pesigan.png' not found on input line 124.
Latexmk: Missing input file '.setup/latex/figures/png/profile-russell.png' message in .log file:
  LaTeX Warning: File `.setup/latex/figures/png/profile-russell.png' not found on input line 124.
Latexmk: Missing input file '.setup/latex/figures/png/profile-chow.png' message in .log file:
  LaTeX Warning: File `.setup/latex/figures/png/profile-chow.png' not found on input line 124.
Latexmk: Missing input file '.setup/latex/figures/png/profile-pesigan.png' message in .log file:
  LaTeX Warning: File `.setup/latex/figures/png/profile-pesigan.png' not found on input line 285.
Latexmk: Missing input file '.setup/latex/figures/png/profile-russell.png' message in .log file:
  LaTeX Warning: File `.setup/latex/figures/png/profile-russell.png' not found on input line 285.
Latexmk: Missing input file '.setup/latex/figures/png/profile-chow.png' message in .log file:
  LaTeX Warning: File `.setup/latex/figures/png/profile-chow.png' not found on input line 285.
Latexmk: Using biber to make bibliography file(s).
Latexmk: Missing input file '.setup/latex/figures/png/profile-pesigan.png' message in .log file:
  LaTeX Warning: File `.setup/latex/figures/png/profile-pesigan.png' not found on input line 124.
Latexmk: Missing input file '.setup/latex/figures/png/profile-russell.png' message in .log file:
  LaTeX Warning: File `.setup/latex/figures/png/profile-russell.png' not found on input line 124.
Latexmk: Missing input file '.setup/latex/figures/png/profile-chow.png' message in .log file:
  LaTeX Warning: File `.setup/latex/figures/png/profile-chow.png' not found on input line 124.
Latexmk: Missing input file '.setup/latex/figures/png/profile-pesigan.png' message in .log file:
  LaTeX Warning: File `.setup/latex/figures/png/profile-pesigan.png' not found on input line 285.
Latexmk: Missing input file '.setup/latex/figures/png/profile-russell.png' message in .log file:
  LaTeX Warning: File `.setup/latex/figures/png/profile-russell.png' not found on input line 285.
Latexmk: Missing input file '.setup/latex/figures/png/profile-chow.png' message in .log file:
  LaTeX Warning: File `.setup/latex/figures/png/profile-chow.png' not found on input line 285.
Latexmk: Using biber to make bibliography file(s).
Latexmk: Missing input file '.setup/latex/figures/png/profile-pesigan.png' message in .log file:
  LaTeX Warning: File `.setup/latex/figures/png/profile-pesigan.png' not found on input line 124.
Latexmk: Missing input file '.setup/latex/figures/png/profile-russell.png' message in .log file:
  LaTeX Warning: File `.setup/latex/figures/png/profile-russell.png' not found on input line 124.
Latexmk: Missing input file '.setup/latex/figures/png/profile-chow.png' message in .log file:
  LaTeX Warning: File `.setup/latex/figures/png/profile-chow.png' not found on input line 124.
Latexmk: Missing input file '.setup/latex/figures/png/profile-pesigan.png' message in .log file:
  LaTeX Warning: File `.setup/latex/figures/png/profile-pesigan.png' not found on input line 285.
Latexmk: Missing input file '.setup/latex/figures/png/profile-russell.png' message in .log file:
  LaTeX Warning: File `.setup/latex/figures/png/profile-russell.png' not found on input line 285.
Latexmk: Missing input file '.setup/latex/figures/png/profile-chow.png' message in .log file:
  LaTeX Warning: File `.setup/latex/figures/png/profile-chow.png' not found on input line 285.
Latexmk: Using biber to make bibliography file(s).

------------
Latexmk: Some operations failed, for the following tex file(s)
  /scratch/ibp5092/manMetaVAR/detritus/tex/manMetaVAR-presentation.tex
── Installing package manMetaVAR into temporary library ────────────────────────
── Finished building pkgdown site for package manMetaVAR ───────────────────────
make: warning:  Clock skew detected.  Your build may be incomplete.
make: Warning: File 'Makefile' has modification time 3427 s in the future
Cloning into 'manMetaVAR'...
